<?xml version="1.0" encoding="UTF-8"?>
<!-- Generated by org.testng.reporters.JUnitReportReporter -->
<testsuite hostname="DESKTOP-M75R6AP" failures="0" tests="1" name="tests.InvalidLogin" time="4.904" errors="0" timestamp="2023-06-12T23:12:45 IST" skipped="0">
  <testcase classname="tests.InvalidLogin" name="VerifyInValidUserLogin" time="4.904"/>
  <system-out/>
</testsuite> <!-- tests.InvalidLogin -->
