<?xml version="1.0" encoding="UTF-8"?>
<!-- Generated by org.testng.reporters.JUnitReportReporter -->
<testsuite hostname="DESKTOP-M75R6AP" failures="0" tests="1" name="tests.LoginTest" time="6.589" errors="0" timestamp="2023-06-12T23:30:55 IST" skipped="0">
  <testcase classname="tests.LoginTest" name="VerifyValidUserLogin" time="6.589"/>
  <system-out/>
</testsuite> <!-- tests.LoginTest -->
